<?xml version="1.0" encoding="UTF-8"?>
<testng-results skipped="0" failed="0" ignored="0" total="1" passed="1">
  <reporter-output>
  </reporter-output>
  <suite name="Default suite" duration-ms="36380" started-at="2019-08-30T05:13:59Z" finished-at="2019-08-30T05:14:35Z">
    <groups>
    </groups>
    <test name="Default test" duration-ms="36380" started-at="2019-08-30T05:13:59Z" finished-at="2019-08-30T05:14:35Z">
      <class name="co.treiner.testCases.TC_HomePage">
        <test-method status="PASS" signature="setup()[pri:0, instance:co.treiner.testCases.TC_HomePage@7b69c6ba]" name="setup" is-config="true" duration-ms="1838" started-at="2019-08-30T05:13:59Z" finished-at="2019-08-30T05:14:01Z">
          <reporter-output>
          </reporter-output>
        </test-method> <!-- setup -->
        <test-method status="PASS" signature="navigationTest()[pri:0, instance:co.treiner.testCases.TC_HomePage@7b69c6ba]" name="navigationTest" duration-ms="33915" started-at="2019-08-30T05:14:01Z" finished-at="2019-08-30T05:14:35Z">
          <reporter-output>
          </reporter-output>
        </test-method> <!-- navigationTest -->
        <test-method status="PASS" signature="end()[pri:0, instance:co.treiner.testCases.TC_HomePage@7b69c6ba]" name="end" is-config="true" duration-ms="594" started-at="2019-08-30T05:14:35Z" finished-at="2019-08-30T05:14:35Z">
          <reporter-output>
          </reporter-output>
        </test-method> <!-- end -->
      </class> <!-- co.treiner.testCases.TC_HomePage -->
    </test> <!-- Default test -->
  </suite> <!-- Default suite -->
</testng-results>
